<?xml version="1.0" encoding="UTF-8"?>
<!-- Generated by org.testng.reporters.JUnitXMLReporter -->
<testsuite ignored="0" hostname="DESKTOP-VNEPCMP" failures="1" tests="6" name="Test1" time="0.198" errors="0" timestamp="15 Jun 2024 12:08:47 GMT">
  <testcase classname="basic.Account" name="currentAccount" time="0.024"/>
  <testcase classname="basic.Account" name="loanAccount" time="0.011"/>
  <testcase classname="basic.Account" name="savingAccount" time="0.009">
    <failure type="java.lang.AssertionError" message="expected [true] but found [false]">
      <![CDATA[java.lang.AssertionError: expected [true] but found [false]
	at basic.Account.savingAccount(Account.java:13)
... Removed 27 stack frames]]>
    </failure>
  </testcase> <!-- savingAccount -->
  <testcase classname="basic.Payment" name="creditCard" time="0.005"/>
  <testcase classname="basic.Payment" name="debitCard" time="0.004"/>
  <testcase classname="basic.Payment" name="upi" time="0.004"/>
</testsuite> <!-- Test1 -->
