<?xml version="1.0" encoding="UTF-8"?>
<!-- Generated by org.testng.reporters.JUnitXMLReporter -->
<testsuite ignored="0" hostname="DESKTOP-VNEPCMP" failures="1" tests="6" name="Test2" time="0.13" errors="0" timestamp="15 Jun 2024 12:08:48 GMT">
  <testcase classname="basic.Account" name="currentAccount" time="0.004"/>
  <testcase classname="basic.Account" name="loanAccount" time="0.033"/>
  <testcase classname="basic.Account" name="savingAccount" time="0.001">
    <failure type="java.lang.AssertionError" message="expected [true] but found [false]">
      <![CDATA[java.lang.AssertionError: expected [true] but found [false]
	at basic.Account.savingAccount(Account.java:13)
... Removed 27 stack frames]]>
    </failure>
  </testcase> <!-- savingAccount -->
  <testcase classname="basic.Payment" name="creditCard" time="0.008"/>
  <testcase classname="basic.Payment" name="debitCard" time="0.01"/>
  <testcase classname="basic.Payment" name="upi" time="0.004"/>
</testsuite> <!-- Test2 -->
