<?xml version="1.0" encoding="UTF-8"?>
<testng-results ignored="0" total="4" passed="3" failed="1" skipped="0">
  <reporter-output>
  </reporter-output>
  <suite started-at="2024-07-05T12:19:37Z" name="Suite" finished-at="2024-07-05T12:20:17Z" duration-ms="40088">
    <groups>
    </groups>
    <test started-at="2024-07-05T12:19:37Z" name="Test" finished-at="2024-07-05T12:20:17Z" duration-ms="40088">
      <class name="main.LoginTest_2">
        <test-method signature="logincheck(java.lang.String, java.lang.String, java.lang.String)[pri:0, instance:main.LoginTest_2@7ce69770]" started-at="2024-07-05T17:49:41Z" name="logincheck" data-provider="dp" finished-at="2024-07-05T17:49:49Z" duration-ms="8275" status="PASS">
          <params>
            <param index="0">
              <value>
                <![CDATA[test]]>
              </value>
            </param>
            <param index="1">
              <value>
                <![CDATA[test]]>
              </value>
            </param>
            <param index="2">
              <value>
                <![CDATA[User or Password is not valid]]>
              </value>
            </param>
          </params>
          <reporter-output>
          </reporter-output>
        </test-method> <!-- logincheck -->
        <test-method signature="logincheck(java.lang.String, java.lang.String, java.lang.String)[pri:0, instance:main.LoginTest_2@7ce69770]" started-at="2024-07-05T17:49:49Z" name="logincheck" data-provider="dp" finished-at="2024-07-05T17:49:57Z" duration-ms="8119" status="PASS">
          <params>
            <param index="0">
              <value>
                <![CDATA[tech]]>
              </value>
            </param>
            <param index="1">
              <value>
                <![CDATA[tech]]>
              </value>
            </param>
            <param index="2">
              <value>
                <![CDATA[User or Password is not valid]]>
              </value>
            </param>
          </params>
          <reporter-output>
          </reporter-output>
        </test-method> <!-- logincheck -->
        <test-method signature="logincheck(java.lang.String, java.lang.String, java.lang.String)[pri:0, instance:main.LoginTest_2@7ce69770]" started-at="2024-07-05T17:49:57Z" name="logincheck" data-provider="dp" finished-at="2024-07-05T17:50:06Z" duration-ms="9099" status="PASS">
          <params>
            <param index="0">
              <value>
                <![CDATA[demo]]>
              </value>
            </param>
            <param index="1">
              <value>
                <![CDATA[demo]]>
              </value>
            </param>
            <param index="2">
              <value>
                <![CDATA[User or Password is not valid]]>
              </value>
            </param>
          </params>
          <reporter-output>
          </reporter-output>
        </test-method> <!-- logincheck -->
        <test-method signature="logincheck(java.lang.String, java.lang.String, java.lang.String)[pri:0, instance:main.LoginTest_2@7ce69770]" started-at="2024-07-05T17:50:06Z" name="logincheck" data-provider="dp" finished-at="2024-07-05T17:50:17Z" duration-ms="11106" status="FAIL">
          <params>
            <param index="0">
              <value>
                <![CDATA[mngr579586]]>
              </value>
            </param>
            <param index="1">
              <value>
                <![CDATA[enUhAqy]]>
              </value>
            </param>
            <param index="2">
              <value>
                <![CDATA[success]]>
              </value>
            </param>
          </params>
          <exception class="java.lang.AssertionError">
            <message>
              <![CDATA[expected [true] but found [false]]]>
            </message>
            <full-stacktrace>
              <![CDATA[java.lang.AssertionError: expected [true] but found [false]
	at org.testng.Assert.fail(Assert.java:93)
	at org.testng.Assert.failNotEquals(Assert.java:512)
	at org.testng.Assert.assertTrue(Assert.java:41)
	at org.testng.Assert.assertTrue(Assert.java:51)
	at main.LoginTest_2.logincheck(LoginTest_2.java:40)
	at java.base/jdk.internal.reflect.NativeMethodAccessorImpl.invoke0(Native Method)
	at java.base/jdk.internal.reflect.NativeMethodAccessorImpl.invoke(NativeMethodAccessorImpl.java:77)
	at java.base/jdk.internal.reflect.DelegatingMethodAccessorImpl.invoke(DelegatingMethodAccessorImpl.java:43)
	at java.base/java.lang.reflect.Method.invoke(Method.java:568)
	at org.testng.internal.MethodInvocationHelper.invokeMethod(MethodInvocationHelper.java:108)
	at org.testng.internal.Invoker.invokeMethod(Invoker.java:661)
	at org.testng.internal.Invoker.invokeTestMethod(Invoker.java:869)
	at org.testng.internal.Invoker.invokeTestMethods(Invoker.java:1193)
	at org.testng.internal.TestMethodWorker.invokeTestMethods(TestMethodWorker.java:126)
	at org.testng.internal.TestMethodWorker.run(TestMethodWorker.java:109)
	at org.testng.TestRunner.privateRun(TestRunner.java:744)
	at org.testng.TestRunner.run(TestRunner.java:602)
	at org.testng.SuiteRunner.runTest(SuiteRunner.java:380)
	at org.testng.SuiteRunner.runSequentially(SuiteRunner.java:375)
	at org.testng.SuiteRunner.privateRun(SuiteRunner.java:340)
	at org.testng.SuiteRunner.run(SuiteRunner.java:289)
	at org.testng.SuiteRunnerWorker.runSuite(SuiteRunnerWorker.java:52)
	at org.testng.SuiteRunnerWorker.run(SuiteRunnerWorker.java:86)
	at org.testng.TestNG.runSuitesSequentially(TestNG.java:1301)
	at org.testng.TestNG.runSuitesLocally(TestNG.java:1226)
	at org.testng.TestNG.runSuites(TestNG.java:1144)
	at org.testng.TestNG.run(TestNG.java:1115)
	at org.testng.remote.AbstractRemoteTestNG.run(AbstractRemoteTestNG.java:115)
	at org.testng.remote.RemoteTestNG.initAndRun(RemoteTestNG.java:251)
	at org.testng.remote.RemoteTestNG.main(RemoteTestNG.java:77)
]]>
            </full-stacktrace>
          </exception> <!-- java.lang.AssertionError -->
          <reporter-output>
          </reporter-output>
        </test-method> <!-- logincheck -->
      </class> <!-- main.LoginTest_2 -->
    </test> <!-- Test -->
  </suite> <!-- Suite -->
</testng-results>
